<?xml version="1.0" encoding="UTF-8"?>
<!-- Generated by org.testng.reporters.JUnitReportReporter -->
<testsuite hostname="DESKTOP-TGCDU3N" failures="0" tests="3" name="LibraryAPIs.HandlingDynamicJSON" time="3.105" errors="0" timestamp="2024-07-27T20:52:32 PDT" skipped="0">
  <testcase classname="LibraryAPIs.HandlingDynamicJSON" name="registerMultipleBooks" time="0.182"/>
  <testcase classname="LibraryAPIs.HandlingDynamicJSON" name="registerMultipleBooks" time="2.765"/>
  <testcase classname="LibraryAPIs.HandlingDynamicJSON" name="registerMultipleBooks" time="0.158"/>
</testsuite> <!-- LibraryAPIs.HandlingDynamicJSON -->
